<?xml version="1.0" encoding="UTF-8"?>
<!-- Generated by org.testng.reporters.JUnitXMLReporter -->
<testsuite ignored="2" hostname="MA" failures="0" tests="2" name="Test" time="343.703" errors="0" timestamp="2022-08-14T22:12:37 IST">
  <testcase classname="com.automation.testcases.CIMSTestSuite_TC01" name="OctoTravelVisaFlightsDeals" time="176.053"/>
  <testcase classname="com.automation.testcases.CIMSTestSuite_TC02" name="PropertyLoanRepaymentCalculator" time="94.834"/>
  <testcase classname="com.automation.utility.BaseClass" name="@BeforeSuite setUpSuite" time="0.0">
    <ignored/>
  </testcase> <!-- @BeforeSuite setUpSuite -->
  <testcase classname="com.automation.utility.BaseClass" name="@AfterSuite close_report" time="0.0">
    <ignored/>
  </testcase> <!-- @AfterSuite close_report -->
</testsuite> <!-- Test -->
