<?xml version="1.0" encoding="UTF-8"?>
<testng-results ignored="1" total="2" passed="1" failed="0" skipped="0">
  <reporter-output>
  </reporter-output>
  <suite started-at="2022-08-14T18:13:31 IST" name="Default suite" finished-at="2022-08-14T18:15:30 IST" duration-ms="119308">
    <groups>
    </groups>
    <test started-at="2022-08-14T18:13:31 IST" name="Default test" finished-at="2022-08-14T18:15:30 IST" duration-ms="119308">
      <class name="com.automation.testcases.CIMSTestSuite">
        <test-method is-config="true" signature="setUpSuite()[pri:0, instance:com.automation.testcases.CIMSTestSuite@48ae9b55]" started-at="2022-08-14T18:13:31 IST" name="setUpSuite" finished-at="2022-08-14T18:13:31 IST" duration-ms="301" status="PASS">
          <reporter-output>
          </reporter-output>
        </test-method> <!-- setUpSuite -->
        <test-method is-config="true" signature="setUp()[pri:0, instance:com.automation.testcases.CIMSTestSuite@48ae9b55]" started-at="2022-08-14T18:13:31 IST" name="setUp" finished-at="2022-08-14T18:14:18 IST" duration-ms="47297" status="PASS">
          <reporter-output>
          </reporter-output>
        </test-method> <!-- setUp -->
        <test-method signature="PropertyLoanRepaymentCalculator()[pri:2, instance:com.automation.testcases.CIMSTestSuite@48ae9b55]" started-at="2022-08-14T18:14:18 IST" name="PropertyLoanRepaymentCalculator" description="This is test case for calculating Property Loan Repayment" finished-at="2022-08-14T18:15:27 IST" duration-ms="68946" status="PASS">
          <reporter-output>
          </reporter-output>
        </test-method> <!-- PropertyLoanRepaymentCalculator -->
        <test-method is-config="true" signature="tearDownMethod(org.testng.ITestResult)[pri:0, instance:com.automation.testcases.CIMSTestSuite@48ae9b55]" started-at="2022-08-14T18:15:28 IST" name="tearDownMethod" finished-at="2022-08-14T18:15:30 IST" duration-ms="2860" status="PASS">
          <params>
            <param index="0">
              <value>
                <![CDATA[[TestResult name=PropertyLoanRepaymentCalculator status=SUCCESS method=CIMSTestSuite.PropertyLoanRepaymentCalculator()[pri:2, instance:com.automation.testcases.CIMSTestSuite@48ae9b55] output={null}]]]>
              </value>
            </param>
          </params>
          <reporter-output>
          </reporter-output>
        </test-method> <!-- tearDownMethod -->
      </class> <!-- com.automation.testcases.CIMSTestSuite -->
    </test> <!-- Default test -->
  </suite> <!-- Default suite -->
</testng-results>
