<?xml version="1.0" encoding="UTF-8"?>
<!-- Generated by org.testng.reporters.JUnitXMLReporter -->
<testsuite ignored="1" hostname="MA" failures="0" tests="1" name="Default test" time="210.867" errors="0" timestamp="2022-08-14T18:49:49 IST">
  <testcase classname="com.automation.testcases.CIMSTestSuite" name="OctoTravelVisaFlightsDeals" time="183.527"/>
  <testcase classname="com.automation.testcases.CIMSTestSuite" name="PropertyLoanRepaymentCalculator" time="0.0">
    <ignored/>
  </testcase> <!-- PropertyLoanRepaymentCalculator -->
</testsuite> <!-- Default test -->
